# JRE version: Java(TM) SE Runtime Environment 18.9 (11.0.8+10) (build 11.0.8+10-LTS)
# Java VM: Java HotSpot(TM) 64-Bit Server VM 18.9 (11.0.8+10-LTS, mixed mode, tiered, compressed oops, g1 gc, windows-amd64)
Heap:
 garbage-first heap   total 194560K, used 7458K [0x0000000742400000, 0x0000000800000000)
  region size 1024K, 2 young (2048K), 2 survivors (2048K)
 Metaspace       used 21670K, capacity 22326K, committed 22448K, reserved 1085440K
  class space    used 2509K, capacity 2760K, committed 2816K, reserved 1048576K
GC Heap History (8 events):
Event: 1.432 GC heap before
{Heap before GC invocations=0 (full 0):
 garbage-first heap   total 194560K, used 23552K [0x0000000742400000, 0x0000000800000000)
  region size 1024K, 24 young (24576K), 0 survivors (0K)
 Metaspace       used 14413K, capacity 14833K, committed 15104K, reserved 1062912K
  class space    used 1524K, capacity 1671K, committed 1792K, reserved 1048576K
}
Event: 1.437 GC heap after
{Heap after GC invocations=1 (full 0):
 garbage-first heap   total 194560K, used 5530K [0x0000000742400000, 0x0000000800000000)
  region size 1024K, 3 young (3072K), 3 survivors (3072K)
 Metaspace       used 14413K, capacity 14833K, committed 15104K, reserved 1062912K
  class space    used 1524K, capacity 1671K, committed 1792K, reserved 1048576K
}
Event: 1.625 GC heap before
{Heap before GC invocations=1 (full 0):
 garbage-first heap   total 194560K, used 19866K [0x0000000742400000, 0x0000000800000000)
  region size 1024K, 17 young (17408K), 3 survivors (3072K)
 Metaspace       used 17348K, capacity 17788K, committed 18048K, reserved 1064960K
  class space    used 1921K, capacity 2091K, committed 2176K, reserved 1048576K
}
Event: 1.629 GC heap after
{Heap after GC invocations=2 (full 0):
 garbage-first heap   total 194560K, used 6449K [0x0000000742400000, 0x0000000800000000)
  region size 1024K, 1 young (1024K), 1 survivors (1024K)
 Metaspace       used 17348K, capacity 17788K, committed 18048K, reserved 1064960K
  class space    used 1921K, capacity 2091K, committed 2176K, reserved 1048576K
}
Event: 1.792 GC heap before
{Heap before GC invocations=2 (full 0):
 garbage-first heap   total 194560K, used 24881K [0x0000000742400000, 0x0000000800000000)
  region size 1024K, 20 young (20480K), 1 survivors (1024K)
 Metaspace       used 20523K, capacity 21188K, committed 21552K, reserved 1069056K
  class space    used 2360K, capacity 2616K, committed 2688K, reserved 1048576K
}
Event: 1.795 GC heap after
{Heap after GC invocations=3 (full 0):
 garbage-first heap   total 194560K, used 7176K [0x0000000742400000, 0x0000000800000000)
  region size 1024K, 2 young (2048K), 2 survivors (2048K)
 Metaspace       used 20523K, capacity 21188K, committed 21552K, reserved 1069056K
  class space    used 2360K, capacity 2616K, committed 2688K, reserved 1048576K
}
Event: 1.850 GC heap before
{Heap before GC invocations=4 (full 0):
 garbage-first heap   total 194560K, used 14344K [0x0000000742400000, 0x0000000800000000)
  region size 1024K, 10 young (10240K), 2 survivors (2048K)
 Metaspace       used 21670K, capacity 22326K, committed 22448K, reserved 1083392K
  class space    used 2509K, capacity 2760K, committed 2816K, reserved 1048576K
}
Event: 1.852 GC heap after
{Heap after GC invocations=5 (full 0):
 garbage-first heap   total 194560K, used 7458K [0x0000000742400000, 0x0000000800000000)
  region size 1024K, 2 young (2048K), 2 survivors (2048K)
 Metaspace       used 21670K, capacity 22326K, committed 22448K, reserved 1083392K
  class space    used 2509K, capacity 2760K, committed 2816K, reserved 1048576K
}

